c:\users\myllena\documents\myllena\git\hand-tracking\handtracking\handtracking\debug\vc142.pdb
c:\users\myllena\documents\myllena\git\hand-tracking\handtracking\handtracking\debug\vc142.idb
c:\users\myllena\documents\myllena\git\hand-tracking\handtracking\handtracking\debug\segmentation.obj
c:\users\myllena\documents\myllena\git\hand-tracking\handtracking\handtracking\debug\handtracking.obj
c:\users\myllena\documents\myllena\git\hand-tracking\handtracking\handtracking\debug\fingers.obj
c:\users\myllena\documents\myllena\git\hand-tracking\handtracking\debug\opencv_cored.dll
c:\users\myllena\documents\myllena\git\hand-tracking\handtracking\debug\zlibd1.dll
c:\users\myllena\documents\myllena\git\hand-tracking\handtracking\debug\opencv_highguid.dll
c:\users\myllena\documents\myllena\git\hand-tracking\handtracking\debug\opencv_videoiod.dll
c:\users\myllena\documents\myllena\git\hand-tracking\handtracking\debug\opencv_imgcodecsd.dll
c:\users\myllena\documents\myllena\git\hand-tracking\handtracking\debug\opencv_imgprocd.dll
c:\users\myllena\documents\myllena\git\hand-tracking\handtracking\debug\jpeg62.dll
c:\users\myllena\documents\myllena\git\hand-tracking\handtracking\debug\webpd.dll
c:\users\myllena\documents\myllena\git\hand-tracking\handtracking\debug\libpng16d.dll
c:\users\myllena\documents\myllena\git\hand-tracking\handtracking\debug\tiffd.dll
c:\users\myllena\documents\myllena\git\hand-tracking\handtracking\debug\lzmad.dll
c:\users\myllena\documents\myllena\git\hand-tracking\handtracking\debug\handtracking.exe
c:\users\myllena\documents\myllena\git\hand-tracking\handtracking\debug\handtracking.ilk
c:\users\myllena\documents\myllena\git\hand-tracking\handtracking\debug\handtracking.pdb
c:\users\myllena\documents\myllena\git\hand-tracking\handtracking\handtracking\debug\fingerscontours.obj
c:\users\myllena\documents\myllena\git\hand-tracking\handtracking\handtracking\debug\handtracking.tlog\cl.command.1.tlog
c:\users\myllena\documents\myllena\git\hand-tracking\handtracking\handtracking\debug\handtracking.tlog\cl.read.1.tlog
c:\users\myllena\documents\myllena\git\hand-tracking\handtracking\handtracking\debug\handtracking.tlog\cl.write.1.tlog
c:\users\myllena\documents\myllena\git\hand-tracking\handtracking\handtracking\debug\handtracking.tlog\handtracking.write.1u.tlog
c:\users\myllena\documents\myllena\git\hand-tracking\handtracking\handtracking\debug\handtracking.tlog\link.command.1.tlog
c:\users\myllena\documents\myllena\git\hand-tracking\handtracking\handtracking\debug\handtracking.tlog\link.read.1.tlog
c:\users\myllena\documents\myllena\git\hand-tracking\handtracking\handtracking\debug\handtracking.tlog\link.write.1.tlog
